[21:16:43] c.classes.phplug\platform\PhplugPlatform INFO: starting Phplug core...
[21:16:43] lug.inc.classes.phplug\platform\Phplugin INFO: init plugin phplug_core
[21:16:43] lug.inc.classes.phplug\platform\Phplugin INFO: init plugin phplug_ui_widgets
[21:16:43] lug.inc.classes.phplug\platform\Phplugin INFO: init plugin phplug_ui
[21:16:43] lug.inc.classes.phplug\platform\Phplugin INFO: init plugin phplug_ui_processor
[21:16:43] lug.inc.classes.phplug\platform\Phplugin INFO: init plugin thobens_web_testpage
[21:16:43] hplug\platform\PhpluginExtensionRegistry DEBUG: Registered ExtensionPoint ch.thobens.phplug.ui.menu
[21:16:43] hplug\platform\PhpluginExtensionRegistry DEBUG: Registered ExtensionPoint ch.thobens.phplug.ui.menu.entry
[21:16:43] hplug\platform\PhpluginExtensionRegistry DEBUG: creating extension...
[21:16:43] hplug\platform\PhpluginExtensionRegistry DEBUG: Registered ExtensionPoint ch.thobens.phplug.ui.workbench
[21:16:43] hplug\platform\PhpluginExtensionRegistry DEBUG: creating extension...
[21:16:43] hplug\platform\PhpluginExtensionRegistry DEBUG: Registered ExtensionPoint ch.thobens.phplug.ui.processor
[21:16:43] hplug\platform\PhpluginExtensionRegistry DEBUG: creating extension...
[21:16:43] hplug\platform\PhpluginExtensionRegistry DEBUG: Registered ExtensionPoint ch.thobens.phplug.ui.perspective
[21:16:43] hplug\platform\PhpluginExtensionRegistry DEBUG: creating extension...
[21:16:43] hplug\platform\PhpluginExtensionRegistry DEBUG: creating extension...
[21:16:43] hplug\platform\PhpluginExtensionRegistry DEBUG: creating extension...
[21:16:43] hplug\platform\PhpluginExtensionRegistry DEBUG: creating extension...
[21:16:43] hplug\platform\PhpluginExtensionRegistry DEBUG: creating extension...
[21:16:43] hplug\platform\PhpluginExtensionRegistry DEBUG: creating extension...
[21:16:43] hplug\platform\PhpluginExtensionRegistry DEBUG: creating extension...
[21:16:43] hplug\platform\PhpluginExtensionRegistry DEBUG: creating extension...
[21:16:43] hplug\platform\PhpluginExtensionRegistry DEBUG: Registered ExtensionPoint ch.thobens.phplug.ui.processor.template
[21:20:35] c.classes.phplug\platform\PhplugPlatform INFO: starting Phplug core...
[21:20:35] lug.inc.classes.phplug\platform\Phplugin INFO: init plugin phplug_core
[21:20:35] lug.inc.classes.phplug\platform\Phplugin INFO: init plugin phplug_ui_widgets
[21:20:35] lug.inc.classes.phplug\platform\Phplugin INFO: init plugin phplug_ui
[21:20:35] lug.inc.classes.phplug\platform\Phplugin INFO: init plugin phplug_ui_processor
[21:20:35] lug.inc.classes.phplug\platform\Phplugin INFO: init plugin thobens_web_testpage
[21:20:35] hplug\platform\PhpluginExtensionRegistry DEBUG: Registered ExtensionPoint ch.thobens.phplug.ui.menu
[21:20:35] hplug\platform\PhpluginExtensionRegistry DEBUG: Registered ExtensionPoint ch.thobens.phplug.ui.menu.entry
[21:20:35] hplug\platform\PhpluginExtensionRegistry DEBUG: creating extension...
[21:20:35] hplug\platform\PhpluginExtensionRegistry DEBUG: Registered ExtensionPoint ch.thobens.phplug.ui.workbench
[21:20:35] hplug\platform\PhpluginExtensionRegistry DEBUG: creating extension...
[21:20:35] hplug\platform\PhpluginExtensionRegistry DEBUG: Registered ExtensionPoint ch.thobens.phplug.ui.processor
[21:20:35] hplug\platform\PhpluginExtensionRegistry DEBUG: creating extension...
[21:20:35] hplug\platform\PhpluginExtensionRegistry DEBUG: Registered ExtensionPoint ch.thobens.phplug.ui.perspective
[21:20:35] hplug\platform\PhpluginExtensionRegistry DEBUG: creating extension...
[21:20:35] hplug\platform\PhpluginExtensionRegistry DEBUG: creating extension...
[21:20:35] hplug\platform\PhpluginExtensionRegistry DEBUG: creating extension...
[21:20:35] hplug\platform\PhpluginExtensionRegistry DEBUG: creating extension...
[21:20:35] hplug\platform\PhpluginExtensionRegistry DEBUG: creating extension...
[21:20:35] hplug\platform\PhpluginExtensionRegistry DEBUG: creating extension...
[21:20:35] hplug\platform\PhpluginExtensionRegistry DEBUG: creating extension...
[21:20:35] hplug\platform\PhpluginExtensionRegistry DEBUG: creating extension...
[21:20:35] hplug\platform\PhpluginExtensionRegistry DEBUG: Registered ExtensionPoint ch.thobens.phplug.ui.processor.template
[21:21:30] c.classes.phplug\platform\PhplugPlatform INFO: starting Phplug core...
[21:21:30] lug.inc.classes.phplug\platform\Phplugin INFO: init plugin phplug_core
[21:21:30] lug.inc.classes.phplug\platform\Phplugin INFO: init plugin phplug_ui_widgets
[21:21:30] lug.inc.classes.phplug\platform\Phplugin INFO: init plugin phplug_ui
[21:21:30] lug.inc.classes.phplug\platform\Phplugin INFO: init plugin phplug_ui_processor
[21:21:30] lug.inc.classes.phplug\platform\Phplugin INFO: init plugin thobens_web_testpage
[21:21:30] hplug\platform\PhpluginExtensionRegistry DEBUG: Registered ExtensionPoint ch.thobens.phplug.ui.menu
[21:21:30] hplug\platform\PhpluginExtensionRegistry DEBUG: Registered ExtensionPoint ch.thobens.phplug.ui.menu.entry
[21:21:30] hplug\platform\PhpluginExtensionRegistry DEBUG: creating extension...
[21:21:30] hplug\platform\PhpluginExtensionRegistry DEBUG: Registered ExtensionPoint ch.thobens.phplug.ui.workbench
[21:21:30] hplug\platform\PhpluginExtensionRegistry DEBUG: creating extension...
[21:21:30] hplug\platform\PhpluginExtensionRegistry DEBUG: Registered ExtensionPoint ch.thobens.phplug.ui.processor
[21:21:30] hplug\platform\PhpluginExtensionRegistry DEBUG: creating extension...
[21:21:30] hplug\platform\PhpluginExtensionRegistry DEBUG: Registered ExtensionPoint ch.thobens.phplug.ui.perspective
[21:21:30] hplug\platform\PhpluginExtensionRegistry DEBUG: creating extension...
[21:21:30] hplug\platform\PhpluginExtensionRegistry DEBUG: creating extension...
[21:21:30] hplug\platform\PhpluginExtensionRegistry DEBUG: creating extension...
[21:21:30] hplug\platform\PhpluginExtensionRegistry DEBUG: creating extension...
[21:21:30] hplug\platform\PhpluginExtensionRegistry DEBUG: creating extension...
[21:21:30] hplug\platform\PhpluginExtensionRegistry DEBUG: creating extension...
[21:21:30] hplug\platform\PhpluginExtensionRegistry DEBUG: creating extension...
[21:21:30] hplug\platform\PhpluginExtensionRegistry DEBUG: creating extension...
[21:21:30] hplug\platform\PhpluginExtensionRegistry DEBUG: Registered ExtensionPoint ch.thobens.phplug.ui.processor.template
[22:27:55] c.classes.phplug\platform\PhplugPlatform INFO: starting Phplug core...
[22:27:55] lug.inc.classes.phplug\platform\Phplugin INFO: init plugin phplug_core
[22:27:55] lug.inc.classes.phplug\platform\Phplugin INFO: init plugin phplug_ui_widgets
[22:27:55] lug.inc.classes.phplug\platform\Phplugin INFO: init plugin phplug_ui
[22:27:55] lug.inc.classes.phplug\platform\Phplugin INFO: init plugin phplug_ui_processor
[22:27:55] lug.inc.classes.phplug\platform\Phplugin INFO: init plugin thobens_web_testpage
[22:27:55] hplug\platform\PhpluginExtensionRegistry DEBUG: Registered ExtensionPoint ch.thobens.phplug.ui.menu
[22:27:55] hplug\platform\PhpluginExtensionRegistry DEBUG: Registered ExtensionPoint ch.thobens.phplug.ui.menu.entry
[22:27:55] hplug\platform\PhpluginExtensionRegistry DEBUG: creating extension...
[22:27:55] hplug\platform\PhpluginExtensionRegistry DEBUG: Registered ExtensionPoint ch.thobens.phplug.ui.workbench
[22:27:55] hplug\platform\PhpluginExtensionRegistry DEBUG: creating extension...
[22:27:55] hplug\platform\PhpluginExtensionRegistry DEBUG: Registered ExtensionPoint ch.thobens.phplug.ui.processor
[22:27:55] hplug\platform\PhpluginExtensionRegistry DEBUG: creating extension...
[22:27:55] hplug\platform\PhpluginExtensionRegistry DEBUG: Registered ExtensionPoint ch.thobens.phplug.ui.perspective
[22:27:55] hplug\platform\PhpluginExtensionRegistry DEBUG: creating extension...
[22:27:55] hplug\platform\PhpluginExtensionRegistry DEBUG: creating extension...
[22:27:55] hplug\platform\PhpluginExtensionRegistry DEBUG: creating extension...
[22:27:55] hplug\platform\PhpluginExtensionRegistry DEBUG: creating extension...
[22:27:55] hplug\platform\PhpluginExtensionRegistry DEBUG: creating extension...
[22:27:55] hplug\platform\PhpluginExtensionRegistry DEBUG: creating extension...
[22:27:55] hplug\platform\PhpluginExtensionRegistry DEBUG: creating extension...
[22:27:55] hplug\platform\PhpluginExtensionRegistry DEBUG: creating extension...
[22:27:55] hplug\platform\PhpluginExtensionRegistry DEBUG: Registered ExtensionPoint ch.thobens.phplug.ui.processor.template
[22:40:54] .platform.phplug\platform\PhplugPlatform INFO: starting Phplug core...
[22:40:54] ug.src.platform.phplug\platform\Phplugin INFO: init plugin phplug_core
[22:40:54] ug.src.platform.phplug\platform\Phplugin INFO: init plugin phplug_ui_widgets
[22:40:54] ug.src.platform.phplug\platform\Phplugin INFO: init plugin phplug_ui
[22:40:54] ug.src.platform.phplug\platform\Phplugin INFO: init plugin phplug_ui_processor
[22:40:54] ug.src.platform.phplug\platform\Phplugin INFO: init plugin thobens_web_testpage
[22:40:54] hplug\platform\PhpluginExtensionRegistry DEBUG: Registered ExtensionPoint ch.thobens.phplug.ui.menu
[22:40:54] hplug\platform\PhpluginExtensionRegistry DEBUG: Registered ExtensionPoint ch.thobens.phplug.ui.menu.entry
[22:40:54] hplug\platform\PhpluginExtensionRegistry DEBUG: creating extension...
[22:40:54] hplug\platform\PhpluginExtensionRegistry DEBUG: Registered ExtensionPoint ch.thobens.phplug.ui.workbench
[22:40:54] hplug\platform\PhpluginExtensionRegistry DEBUG: creating extension...
[22:40:54] hplug\platform\PhpluginExtensionRegistry DEBUG: Registered ExtensionPoint ch.thobens.phplug.ui.processor
[22:40:54] hplug\platform\PhpluginExtensionRegistry DEBUG: creating extension...
[22:40:54] hplug\platform\PhpluginExtensionRegistry DEBUG: Registered ExtensionPoint ch.thobens.phplug.ui.perspective
[22:40:54] hplug\platform\PhpluginExtensionRegistry DEBUG: creating extension...
[22:40:54] hplug\platform\PhpluginExtensionRegistry DEBUG: creating extension...
[22:40:54] hplug\platform\PhpluginExtensionRegistry DEBUG: creating extension...
[22:40:54] hplug\platform\PhpluginExtensionRegistry DEBUG: creating extension...
[22:40:54] hplug\platform\PhpluginExtensionRegistry DEBUG: creating extension...
[22:40:54] hplug\platform\PhpluginExtensionRegistry DEBUG: creating extension...
[22:40:54] hplug\platform\PhpluginExtensionRegistry DEBUG: creating extension...
[22:40:54] hplug\platform\PhpluginExtensionRegistry DEBUG: creating extension...
[22:40:54] hplug\platform\PhpluginExtensionRegistry DEBUG: Registered ExtensionPoint ch.thobens.phplug.ui.processor.template
[22:57:31] .platform.phplug\platform\PhplugPlatform INFO: starting Phplug core...
[22:57:31] ug.src.platform.phplug\platform\Phplugin INFO: init plugin phplug_core
[22:57:31] ug.src.platform.phplug\platform\Phplugin INFO: init plugin phplug_ui_widgets
[22:57:31] ug.src.platform.phplug\platform\Phplugin INFO: init plugin phplug_ui
[22:57:31] ug.src.platform.phplug\platform\Phplugin INFO: init plugin phplug_ui_processor
[22:57:31] ug.src.platform.phplug\platform\Phplugin INFO: init plugin thobens_web_testpage
[22:57:31] hplug\platform\PhpluginExtensionRegistry DEBUG: Registered ExtensionPoint ch.thobens.phplug.ui.menu
[22:57:31] hplug\platform\PhpluginExtensionRegistry DEBUG: Registered ExtensionPoint ch.thobens.phplug.ui.menu.entry
[22:57:31] hplug\platform\PhpluginExtensionRegistry DEBUG: creating extension...
[22:57:31] hplug\platform\PhpluginExtensionRegistry DEBUG: Registered ExtensionPoint ch.thobens.phplug.ui.workbench
[22:57:31] hplug\platform\PhpluginExtensionRegistry DEBUG: creating extension...
[22:57:31] hplug\platform\PhpluginExtensionRegistry DEBUG: Registered ExtensionPoint ch.thobens.phplug.ui.processor
[22:57:31] hplug\platform\PhpluginExtensionRegistry DEBUG: creating extension...
[22:57:31] hplug\platform\PhpluginExtensionRegistry DEBUG: Registered ExtensionPoint ch.thobens.phplug.ui.perspective
[22:57:31] hplug\platform\PhpluginExtensionRegistry DEBUG: creating extension...
[22:57:31] hplug\platform\PhpluginExtensionRegistry DEBUG: creating extension...
[22:57:31] hplug\platform\PhpluginExtensionRegistry DEBUG: creating extension...
[22:57:31] hplug\platform\PhpluginExtensionRegistry DEBUG: creating extension...
[22:57:31] hplug\platform\PhpluginExtensionRegistry DEBUG: creating extension...
[22:57:31] hplug\platform\PhpluginExtensionRegistry DEBUG: creating extension...
[22:57:31] hplug\platform\PhpluginExtensionRegistry DEBUG: creating extension...
[22:57:31] hplug\platform\PhpluginExtensionRegistry DEBUG: creating extension...
[22:57:31] hplug\platform\PhpluginExtensionRegistry DEBUG: Registered ExtensionPoint ch.thobens.phplug.ui.processor.template
[23:26:31] .platform.phplug\platform\PhplugPlatform INFO: starting Phplug core...
[23:26:31] ug.src.platform.phplug\platform\Phplugin INFO: init plugin phplug_core
[23:26:31] ug.src.platform.phplug\platform\Phplugin INFO: init plugin phplug_ui_widgets
[23:26:31] ug.src.platform.phplug\platform\Phplugin INFO: init plugin phplug_ui
[23:26:31] ug.src.platform.phplug\platform\Phplugin INFO: init plugin phplug_ui_processor
[23:26:31] ug.src.platform.phplug\platform\Phplugin INFO: init plugin thobens_web_testpage
[23:26:31] hplug\platform\PhpluginExtensionRegistry DEBUG: Registered ExtensionPoint ch.thobens.phplug.ui.menu
[23:26:31] hplug\platform\PhpluginExtensionRegistry DEBUG: Registered ExtensionPoint ch.thobens.phplug.ui.menu.entry
[23:26:31] hplug\platform\PhpluginExtensionRegistry DEBUG: creating extension...
[23:26:31] hplug\platform\PhpluginExtensionRegistry DEBUG: Registered ExtensionPoint ch.thobens.phplug.ui.workbench
[23:26:31] hplug\platform\PhpluginExtensionRegistry DEBUG: creating extension...
[23:26:31] hplug\platform\PhpluginExtensionRegistry DEBUG: Registered ExtensionPoint ch.thobens.phplug.ui.processor
[23:26:31] hplug\platform\PhpluginExtensionRegistry DEBUG: creating extension...
[23:26:31] hplug\platform\PhpluginExtensionRegistry DEBUG: Registered ExtensionPoint ch.thobens.phplug.ui.perspective
[23:26:31] hplug\platform\PhpluginExtensionRegistry DEBUG: creating extension...
[23:26:31] hplug\platform\PhpluginExtensionRegistry DEBUG: creating extension...
[23:26:31] hplug\platform\PhpluginExtensionRegistry DEBUG: creating extension...
[23:26:31] hplug\platform\PhpluginExtensionRegistry DEBUG: creating extension...
[23:26:31] hplug\platform\PhpluginExtensionRegistry DEBUG: creating extension...
[23:26:31] hplug\platform\PhpluginExtensionRegistry DEBUG: creating extension...
[23:26:31] hplug\platform\PhpluginExtensionRegistry DEBUG: creating extension...
[23:26:31] hplug\platform\PhpluginExtensionRegistry DEBUG: creating extension...
[23:26:31] hplug\platform\PhpluginExtensionRegistry DEBUG: Registered ExtensionPoint ch.thobens.phplug.ui.processor.template
[23:41:20] .platform.phplug\platform\PhplugPlatform INFO: starting Phplug core...
[23:41:20] ug.src.platform.phplug\platform\Phplugin INFO: init plugin phplug_core
[23:41:20] ug.src.platform.phplug\platform\Phplugin INFO: init plugin phplug_ui
[23:41:20] ug.src.platform.phplug\platform\Phplugin INFO: init plugin phplug_ui_processor
[23:41:20] ug.src.platform.phplug\platform\Phplugin INFO: init plugin phplug_ui_widgets
[23:41:20] ug.src.platform.phplug\platform\Phplugin INFO: init plugin thobens_web_testpage
[23:41:20] hplug\platform\PhpluginExtensionRegistry DEBUG: creating extension...
[23:41:20] hplug\platform\PhpluginExtensionRegistry DEBUG: Registered ExtensionPoint ch.thobens.phplug.ui.workbench
[23:41:20] hplug\platform\PhpluginExtensionRegistry DEBUG: creating extension...
[23:41:20] hplug\platform\PhpluginExtensionRegistry DEBUG: Registered ExtensionPoint ch.thobens.phplug.ui.processor
[23:41:20] hplug\platform\PhpluginExtensionRegistry DEBUG: creating extension...
[23:41:20] hplug\platform\PhpluginExtensionRegistry DEBUG: Registered ExtensionPoint ch.thobens.phplug.ui.perspective
[23:41:20] hplug\platform\PhpluginExtensionRegistry DEBUG: creating extension...
[23:41:20] hplug\platform\PhpluginExtensionRegistry DEBUG: creating extension...
[23:41:20] hplug\platform\PhpluginExtensionRegistry DEBUG: creating extension...
[23:41:20] hplug\platform\PhpluginExtensionRegistry DEBUG: creating extension...
[23:41:20] hplug\platform\PhpluginExtensionRegistry DEBUG: creating extension...
[23:41:20] hplug\platform\PhpluginExtensionRegistry DEBUG: creating extension...
[23:41:20] hplug\platform\PhpluginExtensionRegistry DEBUG: creating extension...
[23:41:20] hplug\platform\PhpluginExtensionRegistry DEBUG: creating extension...
[23:41:20] hplug\platform\PhpluginExtensionRegistry DEBUG: Registered ExtensionPoint ch.thobens.phplug.ui.processor.template
[23:41:20] hplug\platform\PhpluginExtensionRegistry DEBUG: Registered ExtensionPoint ch.thobens.phplug.ui.menu
[23:41:20] hplug\platform\PhpluginExtensionRegistry DEBUG: Registered ExtensionPoint ch.thobens.phplug.ui.menu.entry
[23:41:21] .platform.phplug\platform\PhplugPlatform INFO: starting Phplug core...
[23:41:21] ug.src.platform.phplug\platform\Phplugin INFO: init plugin phplug_core
[23:41:21] ug.src.platform.phplug\platform\Phplugin INFO: init plugin phplug_ui
[23:41:21] ug.src.platform.phplug\platform\Phplugin INFO: init plugin phplug_ui_processor
[23:41:21] ug.src.platform.phplug\platform\Phplugin INFO: init plugin phplug_ui_widgets
[23:41:21] ug.src.platform.phplug\platform\Phplugin INFO: init plugin thobens_web_testpage
[23:41:21] hplug\platform\PhpluginExtensionRegistry DEBUG: creating extension...
[23:41:21] hplug\platform\PhpluginExtensionRegistry DEBUG: Registered ExtensionPoint ch.thobens.phplug.ui.workbench
[23:41:21] hplug\platform\PhpluginExtensionRegistry DEBUG: creating extension...
[23:41:21] hplug\platform\PhpluginExtensionRegistry DEBUG: Registered ExtensionPoint ch.thobens.phplug.ui.processor
[23:41:21] hplug\platform\PhpluginExtensionRegistry DEBUG: creating extension...
[23:41:21] hplug\platform\PhpluginExtensionRegistry DEBUG: Registered ExtensionPoint ch.thobens.phplug.ui.perspective
[23:41:21] hplug\platform\PhpluginExtensionRegistry DEBUG: creating extension...
[23:41:21] hplug\platform\PhpluginExtensionRegistry DEBUG: creating extension...
[23:41:21] hplug\platform\PhpluginExtensionRegistry DEBUG: creating extension...
[23:41:21] hplug\platform\PhpluginExtensionRegistry DEBUG: creating extension...
[23:41:21] hplug\platform\PhpluginExtensionRegistry DEBUG: creating extension...
[23:41:21] hplug\platform\PhpluginExtensionRegistry DEBUG: creating extension...
[23:41:21] hplug\platform\PhpluginExtensionRegistry DEBUG: creating extension...
[23:41:21] hplug\platform\PhpluginExtensionRegistry DEBUG: creating extension...
[23:41:21] hplug\platform\PhpluginExtensionRegistry DEBUG: Registered ExtensionPoint ch.thobens.phplug.ui.processor.template
[23:41:21] hplug\platform\PhpluginExtensionRegistry DEBUG: Registered ExtensionPoint ch.thobens.phplug.ui.menu
[23:41:21] hplug\platform\PhpluginExtensionRegistry DEBUG: Registered ExtensionPoint ch.thobens.phplug.ui.menu.entry
[23:41:22] .platform.phplug\platform\PhplugPlatform INFO: starting Phplug core...
[23:41:22] ug.src.platform.phplug\platform\Phplugin INFO: init plugin phplug_core
[23:41:22] ug.src.platform.phplug\platform\Phplugin INFO: init plugin phplug_ui
[23:41:22] ug.src.platform.phplug\platform\Phplugin INFO: init plugin phplug_ui_processor
[23:41:22] ug.src.platform.phplug\platform\Phplugin INFO: init plugin phplug_ui_widgets
[23:41:22] ug.src.platform.phplug\platform\Phplugin INFO: init plugin thobens_web_testpage
[23:41:22] hplug\platform\PhpluginExtensionRegistry DEBUG: creating extension...
[23:41:22] hplug\platform\PhpluginExtensionRegistry DEBUG: Registered ExtensionPoint ch.thobens.phplug.ui.workbench
[23:41:22] hplug\platform\PhpluginExtensionRegistry DEBUG: creating extension...
[23:41:22] hplug\platform\PhpluginExtensionRegistry DEBUG: Registered ExtensionPoint ch.thobens.phplug.ui.processor
[23:41:22] hplug\platform\PhpluginExtensionRegistry DEBUG: creating extension...
[23:41:22] hplug\platform\PhpluginExtensionRegistry DEBUG: Registered ExtensionPoint ch.thobens.phplug.ui.perspective
[23:41:22] hplug\platform\PhpluginExtensionRegistry DEBUG: creating extension...
[23:41:22] hplug\platform\PhpluginExtensionRegistry DEBUG: creating extension...
[23:41:22] hplug\platform\PhpluginExtensionRegistry DEBUG: creating extension...
[23:41:22] hplug\platform\PhpluginExtensionRegistry DEBUG: creating extension...
[23:41:22] hplug\platform\PhpluginExtensionRegistry DEBUG: creating extension...
[23:41:22] hplug\platform\PhpluginExtensionRegistry DEBUG: creating extension...
[23:41:22] hplug\platform\PhpluginExtensionRegistry DEBUG: creating extension...
[23:41:22] hplug\platform\PhpluginExtensionRegistry DEBUG: creating extension...
[23:41:22] hplug\platform\PhpluginExtensionRegistry DEBUG: Registered ExtensionPoint ch.thobens.phplug.ui.processor.template
[23:41:22] hplug\platform\PhpluginExtensionRegistry DEBUG: Registered ExtensionPoint ch.thobens.phplug.ui.menu
[23:41:22] hplug\platform\PhpluginExtensionRegistry DEBUG: Registered ExtensionPoint ch.thobens.phplug.ui.menu.entry
[23:41:22] .platform.phplug\platform\PhplugPlatform INFO: starting Phplug core...
[23:41:22] ug.src.platform.phplug\platform\Phplugin INFO: init plugin phplug_core
[23:41:22] ug.src.platform.phplug\platform\Phplugin INFO: init plugin phplug_ui
[23:41:22] ug.src.platform.phplug\platform\Phplugin INFO: init plugin phplug_ui_processor
[23:41:22] ug.src.platform.phplug\platform\Phplugin INFO: init plugin phplug_ui_widgets
[23:41:22] ug.src.platform.phplug\platform\Phplugin INFO: init plugin thobens_web_testpage
[23:41:22] hplug\platform\PhpluginExtensionRegistry DEBUG: creating extension...
[23:41:22] hplug\platform\PhpluginExtensionRegistry DEBUG: Registered ExtensionPoint ch.thobens.phplug.ui.workbench
[23:41:22] hplug\platform\PhpluginExtensionRegistry DEBUG: creating extension...
[23:41:22] hplug\platform\PhpluginExtensionRegistry DEBUG: Registered ExtensionPoint ch.thobens.phplug.ui.processor
[23:41:22] hplug\platform\PhpluginExtensionRegistry DEBUG: creating extension...
[23:41:22] hplug\platform\PhpluginExtensionRegistry DEBUG: Registered ExtensionPoint ch.thobens.phplug.ui.perspective
[23:41:22] hplug\platform\PhpluginExtensionRegistry DEBUG: creating extension...
[23:41:22] hplug\platform\PhpluginExtensionRegistry DEBUG: creating extension...
[23:41:22] hplug\platform\PhpluginExtensionRegistry DEBUG: creating extension...
[23:41:22] hplug\platform\PhpluginExtensionRegistry DEBUG: creating extension...
[23:41:22] hplug\platform\PhpluginExtensionRegistry DEBUG: creating extension...
[23:41:22] hplug\platform\PhpluginExtensionRegistry DEBUG: creating extension...
[23:41:22] hplug\platform\PhpluginExtensionRegistry DEBUG: creating extension...
[23:41:22] hplug\platform\PhpluginExtensionRegistry DEBUG: creating extension...
[23:41:22] hplug\platform\PhpluginExtensionRegistry DEBUG: Registered ExtensionPoint ch.thobens.phplug.ui.processor.template
[23:41:22] hplug\platform\PhpluginExtensionRegistry DEBUG: Registered ExtensionPoint ch.thobens.phplug.ui.menu
[23:41:22] hplug\platform\PhpluginExtensionRegistry DEBUG: Registered ExtensionPoint ch.thobens.phplug.ui.menu.entry
[00:11:23] .platform.phplug\platform\PhplugPlatform INFO: starting Phplug core...
[00:11:23] ug.src.platform.phplug\platform\Phplugin INFO: init plugin phplug_core
[00:11:23] ug.src.platform.phplug\platform\Phplugin INFO: init plugin phplug_ui
[00:11:23] ug.src.platform.phplug\platform\Phplugin INFO: init plugin phplug_ui_processor
[00:11:23] ug.src.platform.phplug\platform\Phplugin INFO: init plugin phplug_ui_widgets
[00:11:23] ug.src.platform.phplug\platform\Phplugin INFO: init plugin thobens_web_testpage
[00:11:23] hplug\platform\PhpluginExtensionRegistry DEBUG: creating extension...
[00:11:23] hplug\platform\PhpluginExtensionRegistry DEBUG: Registered ExtensionPoint ch.thobens.phplug.ui.workbench
[00:11:23] hplug\platform\PhpluginExtensionRegistry DEBUG: creating extension...
[00:11:23] hplug\platform\PhpluginExtensionRegistry DEBUG: Registered ExtensionPoint ch.thobens.phplug.ui.processor
[00:11:23] hplug\platform\PhpluginExtensionRegistry DEBUG: creating extension...
[00:11:23] hplug\platform\PhpluginExtensionRegistry DEBUG: Registered ExtensionPoint ch.thobens.phplug.ui.perspective
[00:11:24] hplug\platform\PhpluginExtensionRegistry DEBUG: creating extension...
[00:11:24] hplug\platform\PhpluginExtensionRegistry DEBUG: creating extension...
[00:11:24] hplug\platform\PhpluginExtensionRegistry DEBUG: creating extension...
[00:11:24] hplug\platform\PhpluginExtensionRegistry DEBUG: creating extension...
[00:11:24] hplug\platform\PhpluginExtensionRegistry DEBUG: creating extension...
[00:11:24] hplug\platform\PhpluginExtensionRegistry DEBUG: creating extension...
[00:11:24] hplug\platform\PhpluginExtensionRegistry DEBUG: creating extension...
[00:11:24] hplug\platform\PhpluginExtensionRegistry DEBUG: creating extension...
[00:11:24] hplug\platform\PhpluginExtensionRegistry DEBUG: Registered ExtensionPoint ch.thobens.phplug.ui.processor.template
[00:11:24] hplug\platform\PhpluginExtensionRegistry DEBUG: Registered ExtensionPoint ch.thobens.phplug.ui.menu
[00:11:24] hplug\platform\PhpluginExtensionRegistry DEBUG: Registered ExtensionPoint ch.thobens.phplug.ui.menu.entry
[00:13:13] .platform.phplug\platform\PhplugPlatform INFO: starting Phplug core...
[00:13:13] ug.src.platform.phplug\platform\Phplugin INFO: init plugin phplug_core
[00:13:13] ug.src.platform.phplug\platform\Phplugin INFO: init plugin phplug_ui
[00:13:13] ug.src.platform.phplug\platform\Phplugin INFO: init plugin phplug_ui_processor
[00:13:13] ug.src.platform.phplug\platform\Phplugin INFO: init plugin phplug_ui_widgets
[00:13:13] ug.src.platform.phplug\platform\Phplugin INFO: init plugin thobens_web_testpage
[00:13:13] hplug\platform\PhpluginExtensionRegistry DEBUG: creating extension...
[00:13:13] hplug\platform\PhpluginExtensionRegistry DEBUG: Registered ExtensionPoint ch.thobens.phplug.ui.workbench
[00:13:13] hplug\platform\PhpluginExtensionRegistry DEBUG: creating extension...
[00:13:13] hplug\platform\PhpluginExtensionRegistry DEBUG: Registered ExtensionPoint ch.thobens.phplug.ui.processor
[00:13:13] hplug\platform\PhpluginExtensionRegistry DEBUG: creating extension...
[00:13:13] hplug\platform\PhpluginExtensionRegistry DEBUG: Registered ExtensionPoint ch.thobens.phplug.ui.perspective
[00:13:13] hplug\platform\PhpluginExtensionRegistry DEBUG: creating extension...
[00:13:13] hplug\platform\PhpluginExtensionRegistry DEBUG: creating extension...
[00:13:13] hplug\platform\PhpluginExtensionRegistry DEBUG: creating extension...
[00:13:13] hplug\platform\PhpluginExtensionRegistry DEBUG: creating extension...
[00:13:13] hplug\platform\PhpluginExtensionRegistry DEBUG: creating extension...
[00:13:13] hplug\platform\PhpluginExtensionRegistry DEBUG: creating extension...
[00:13:13] hplug\platform\PhpluginExtensionRegistry DEBUG: creating extension...
[00:13:13] hplug\platform\PhpluginExtensionRegistry DEBUG: creating extension...
[00:13:13] hplug\platform\PhpluginExtensionRegistry DEBUG: Registered ExtensionPoint ch.thobens.phplug.ui.processor.template
[00:13:13] hplug\platform\PhpluginExtensionRegistry DEBUG: Registered ExtensionPoint ch.thobens.phplug.ui.menu
[00:13:13] hplug\platform\PhpluginExtensionRegistry DEBUG: Registered ExtensionPoint ch.thobens.phplug.ui.menu.entry
[00:22:23] .platform.phplug\platform\PhplugPlatform INFO: starting Phplug core...
[00:22:23] ug.src.platform.phplug\platform\Phplugin INFO: init plugin phplug_core
[00:22:23] ug.src.platform.phplug\platform\Phplugin INFO: init plugin phplug_ui
[00:22:23] ug.src.platform.phplug\platform\Phplugin INFO: init plugin phplug_ui_processor
[00:22:23] ug.src.platform.phplug\platform\Phplugin INFO: init plugin phplug_ui_widgets
[00:22:23] ug.src.platform.phplug\platform\Phplugin INFO: init plugin thobens_web_testpage
[00:22:23] hplug\platform\PhpluginExtensionRegistry DEBUG: creating extension...
[00:22:23] hplug\platform\PhpluginExtensionRegistry DEBUG: Registered ExtensionPoint ch.thobens.phplug.ui.workbench
[00:22:23] hplug\platform\PhpluginExtensionRegistry DEBUG: creating extension...
[00:22:23] hplug\platform\PhpluginExtensionRegistry DEBUG: Registered ExtensionPoint ch.thobens.phplug.ui.processor
[00:22:23] hplug\platform\PhpluginExtensionRegistry DEBUG: creating extension...
[00:22:23] hplug\platform\PhpluginExtensionRegistry DEBUG: Registered ExtensionPoint ch.thobens.phplug.ui.perspective
[00:22:23] hplug\platform\PhpluginExtensionRegistry DEBUG: creating extension...
[00:22:23] hplug\platform\PhpluginExtensionRegistry DEBUG: creating extension...
[00:22:23] hplug\platform\PhpluginExtensionRegistry DEBUG: creating extension...
[00:22:23] hplug\platform\PhpluginExtensionRegistry DEBUG: creating extension...
[00:22:23] hplug\platform\PhpluginExtensionRegistry DEBUG: creating extension...
[00:22:23] hplug\platform\PhpluginExtensionRegistry DEBUG: creating extension...
[00:22:23] hplug\platform\PhpluginExtensionRegistry DEBUG: creating extension...
[00:22:23] hplug\platform\PhpluginExtensionRegistry DEBUG: creating extension...
[00:22:23] hplug\platform\PhpluginExtensionRegistry DEBUG: Registered ExtensionPoint ch.thobens.phplug.ui.processor.template
[00:22:23] hplug\platform\PhpluginExtensionRegistry DEBUG: Registered ExtensionPoint ch.thobens.phplug.ui.menu
[00:22:23] hplug\platform\PhpluginExtensionRegistry DEBUG: Registered ExtensionPoint ch.thobens.phplug.ui.menu.entry
[01:05:03] .platform.phplug\platform\PhplugPlatform INFO: starting Phplug core...
[01:05:03] ug.src.platform.phplug\platform\Phplugin INFO: init plugin phplug_core
[01:05:03] ug.src.platform.phplug\platform\Phplugin INFO: init plugin phplug_ui
[01:05:03] ug.src.platform.phplug\platform\Phplugin INFO: init plugin phplug_ui_processor
[01:05:03] ug.src.platform.phplug\platform\Phplugin INFO: init plugin phplug_ui_widgets
[01:05:03] ug.src.platform.phplug\platform\Phplugin INFO: init plugin thobens_web_testpage
[01:05:03] hplug\platform\PhpluginExtensionRegistry DEBUG: creating extension...
[01:05:03] hplug\platform\PhpluginExtensionRegistry DEBUG: Registered ExtensionPoint ch.thobens.phplug.ui.workbench
[01:05:03] hplug\platform\PhpluginExtensionRegistry DEBUG: creating extension...
[01:05:03] hplug\platform\PhpluginExtensionRegistry DEBUG: Registered ExtensionPoint ch.thobens.phplug.ui.processor
[01:05:03] hplug\platform\PhpluginExtensionRegistry DEBUG: creating extension...
[01:05:03] hplug\platform\PhpluginExtensionRegistry DEBUG: Registered ExtensionPoint ch.thobens.phplug.ui.perspective
[01:05:03] hplug\platform\PhpluginExtensionRegistry DEBUG: creating extension...
[01:05:03] hplug\platform\PhpluginExtensionRegistry DEBUG: creating extension...
[01:05:03] hplug\platform\PhpluginExtensionRegistry DEBUG: creating extension...
[01:05:03] hplug\platform\PhpluginExtensionRegistry DEBUG: creating extension...
[01:05:03] hplug\platform\PhpluginExtensionRegistry DEBUG: creating extension...
[01:05:03] hplug\platform\PhpluginExtensionRegistry DEBUG: creating extension...
[01:05:03] hplug\platform\PhpluginExtensionRegistry DEBUG: creating extension...
[01:05:03] hplug\platform\PhpluginExtensionRegistry DEBUG: creating extension...
[01:05:03] hplug\platform\PhpluginExtensionRegistry DEBUG: Registered ExtensionPoint ch.thobens.phplug.ui.processor.template
[01:05:03] hplug\platform\PhpluginExtensionRegistry DEBUG: Registered ExtensionPoint ch.thobens.phplug.ui.menu
[01:05:03] hplug\platform\PhpluginExtensionRegistry DEBUG: Registered ExtensionPoint ch.thobens.phplug.ui.menu.entry
[01:07:12] .platform.phplug\platform\PhplugPlatform INFO: starting Phplug core...
[01:07:12] ug.src.platform.phplug\platform\Phplugin INFO: init plugin phplug_core
[01:07:12] ug.src.platform.phplug\platform\Phplugin INFO: init plugin phplug_ui
[01:07:12] ug.src.platform.phplug\platform\Phplugin INFO: init plugin phplug_ui_processor
[01:07:12] ug.src.platform.phplug\platform\Phplugin INFO: init plugin phplug_ui_widgets
[01:07:12] ug.src.platform.phplug\platform\Phplugin INFO: init plugin thobens_web_testpage
[01:07:12] hplug\platform\PhpluginExtensionRegistry DEBUG: creating extension...
[01:07:12] hplug\platform\PhpluginExtensionRegistry DEBUG: Registered ExtensionPoint ch.thobens.phplug.ui.workbench
[01:07:12] hplug\platform\PhpluginExtensionRegistry DEBUG: creating extension...
[01:07:12] hplug\platform\PhpluginExtensionRegistry DEBUG: Registered ExtensionPoint ch.thobens.phplug.ui.processor
[01:07:12] hplug\platform\PhpluginExtensionRegistry DEBUG: creating extension...
[01:07:12] hplug\platform\PhpluginExtensionRegistry DEBUG: Registered ExtensionPoint ch.thobens.phplug.ui.perspective
[01:07:12] hplug\platform\PhpluginExtensionRegistry DEBUG: creating extension...
[01:07:12] hplug\platform\PhpluginExtensionRegistry DEBUG: creating extension...
[01:07:12] hplug\platform\PhpluginExtensionRegistry DEBUG: creating extension...
[01:07:12] hplug\platform\PhpluginExtensionRegistry DEBUG: creating extension...
[01:07:12] hplug\platform\PhpluginExtensionRegistry DEBUG: creating extension...
[01:07:12] hplug\platform\PhpluginExtensionRegistry DEBUG: creating extension...
[01:07:12] hplug\platform\PhpluginExtensionRegistry DEBUG: creating extension...
[01:07:12] hplug\platform\PhpluginExtensionRegistry DEBUG: creating extension...
[01:07:12] hplug\platform\PhpluginExtensionRegistry DEBUG: Registered ExtensionPoint ch.thobens.phplug.ui.processor.template
[01:07:12] hplug\platform\PhpluginExtensionRegistry DEBUG: Registered ExtensionPoint ch.thobens.phplug.ui.menu
[01:07:12] hplug\platform\PhpluginExtensionRegistry DEBUG: Registered ExtensionPoint ch.thobens.phplug.ui.menu.entry
